2024-06-01 20:12:17 - Handler initialization.
2024-06-01 20:12:17 - Waiting for command from que...
2024-06-01 20:12:17 - Command recived from que: ('DST', [1.0, 2.0, 3.0])
2024-06-01 20:12:17 - Sending command: DST, [1.0, 2.0, 3.0]
2024-06-01 20:12:17 - Waiting for response...
2024-06-01 20:16:21 - Handler initialization.
2024-06-01 20:16:21 - Waiting for command from que...
2024-06-01 20:16:21 - Command recived from que: ('DST', [1.0, 2.0, 3.0])
2024-06-01 20:16:21 - Sending command: DST, [1.0, 2.0, 3.0]
2024-06-01 20:16:21 - Waiting for response...
2024-06-01 20:16:21 - Recived response: ACK
2024-06-01 20:16:21 - Waiting for response...
2024-06-01 20:16:21 - Recived response: FIN
2024-06-01 20:16:21 - Waiting for command from que...
2024-06-01 20:16:21 - Command recived from que: ('VEL', [4.0, 5.0, 6.0])
2024-06-01 20:16:21 - Sending command: VEL, [4.0, 5.0, 6.0]
2024-06-01 20:16:21 - Waiting for response...
2024-06-01 20:16:21 - Recived response: ACK
2024-06-01 20:16:21 - Waiting for command from que...
2024-06-01 20:16:21 - Command recived from que: ('LND', [])
2024-06-01 20:16:21 - Sending command: LND, [0.0, 0.0, 0.0]
2024-06-01 20:16:21 - Waiting for response...
2024-06-01 20:16:21 - Recived response: ACK
2024-06-01 20:16:21 - Waiting for command from que...
2024-06-01 20:16:21 - Command recived from que: ('STR', [])
2024-06-01 20:16:21 - Sending command: STR, [0.0, 0.0, 0.0]
2024-06-01 20:16:21 - Waiting for response...
2024-06-01 20:16:21 - Recived response: ACK
2024-06-01 20:16:21 - Waiting for command from que...
2024-06-01 20:16:21 - Command recived from que: ('ROT', [3.0])
2024-06-01 20:16:21 - Sending command: ROT, [3.0, 0.0, 0.0]
2024-06-01 20:16:21 - Waiting for response...
2024-06-01 20:16:21 - Recived response: ACK
2024-06-01 20:16:21 - Waiting for command from que...
2024-06-01 20:16:21 - Command recived from que: ('END', [])
2024-06-01 20:16:21 - Sending command: END, [0.0, 0.0, 0.0]
2024-06-01 20:16:21 - Waiting for response...
