2024-06-01 20:35:24 - Handler initialization.
2024-06-01 20:35:24 - Waiting for command from que...
2024-06-01 20:35:24 - Command recived from que: ('DST', [1.0, 2.0, 3.0])
2024-06-01 20:35:24 - Sending command: DST, [1.0, 2.0, 3.0]
2024-06-01 20:35:24 - Waiting for response...
2024-06-01 20:35:24 - Recived response: ACK
2024-06-01 20:35:24 - Waiting for response...
2024-06-01 20:35:24 - Recived response: FIN
2024-06-01 20:35:24 - Waiting for command from que...
2024-06-01 20:35:24 - Command recived from que: ('VEL', [4.0, 5.0, 6.0])
2024-06-01 20:35:24 - Sending command: VEL, [4.0, 5.0, 6.0]
2024-06-01 20:35:24 - Waiting for response...
2024-06-01 20:35:24 - Recived response: ACK
2024-06-01 20:35:24 - Waiting for command from que...
2024-06-01 20:35:24 - Command recived from que: ('LND', [])
2024-06-01 20:35:24 - Sending command: LND, [0.0, 0.0, 0.0]
2024-06-01 20:35:24 - Waiting for response...
2024-06-01 20:35:24 - Recived response: ACK
2024-06-01 20:35:24 - Waiting for command from que...
2024-06-01 20:35:24 - Command recived from que: ('STR', [])
2024-06-01 20:35:24 - Sending command: STR, [0.0, 0.0, 0.0]
2024-06-01 20:35:24 - Waiting for response...
2024-06-01 20:35:24 - Recived response: ACK
2024-06-01 20:35:24 - Waiting for command from que...
2024-06-01 20:35:24 - Command recived from que: ('ROT', [3.0])
2024-06-01 20:35:24 - Sending command: ROT, [3.0, 0.0, 0.0]
2024-06-01 20:35:24 - Waiting for response...
2024-06-01 20:35:24 - Recived response: ACK
2024-06-01 20:35:24 - Waiting for command from que...
2024-06-01 20:35:24 - Command recived from que: ('END', [])
